-------------------------------------------------------------------------------
Test set: johnglay.bediscussion2.BeDiscussion2ApplicationTests
-------------------------------------------------------------------------------
Tests run: 1, Failures: 0, Errors: 1, Skipped: 0, Time elapsed: 17.421 s <<< FAILURE! - in johnglay.bediscussion2.BeDiscussion2ApplicationTests
contextLoads  Time elapsed: 0.006 s  <<< ERROR!
java.lang.IllegalStateException: Failed to load ApplicationContext
Caused by: org.springframework.beans.factory.BeanCreationException: 
Error creating bean with name 'flywayInitializer' defined in class path resource [org/springframework/boot/autoconfigure/flyway/FlywayAutoConfiguration$FlywayConfiguration.class]: Invocation of init method failed; nested exception is org.flywaydb.core.api.exception.FlywayValidateException: Validate failed: Migrations have failed validation
Detected applied migration not resolved locally: 1.
If you removed this migration intentionally, run repair to mark the migration as deleted.
Need more flexibility with validation rules? Learn more: https://rd.gt/3AbJUZE
Caused by: org.flywaydb.core.api.exception.FlywayValidateException: 
Validate failed: Migrations have failed validation
Detected applied migration not resolved locally: 1.
If you removed this migration intentionally, run repair to mark the migration as deleted.
Need more flexibility with validation rules? Learn more: https://rd.gt/3AbJUZE

